<?xml version="1.0" encoding="UTF-8"?>
<testng-results ignored="0" total="1" passed="1" failed="0" skipped="0">
  <reporter-output>
  </reporter-output>
  <suite started-at="2024-01-04T22:20:30 IST" name="Default suite" finished-at="2024-01-04T22:20:41 IST" duration-ms="10377">
    <groups>
      <group name="cucumber">
        <method signature="AbstractTestNGCucumberTests.runScenario(io.cucumber.testng.PickleWrapper,io.cucumber.testng.FeatureWrapper)[pri:0, instance:runner.adminRunner@2cf3d63b]" name="runScenario" class="io.cucumber.testng.AbstractTestNGCucumberTests"/>
      </group> <!-- cucumber -->
    </groups>
    <test started-at="2024-01-04T22:20:30 IST" name="Default test" finished-at="2024-01-04T22:20:41 IST" duration-ms="10377">
      <class name="runner.adminRunner">
        <test-method is-config="true" signature="startReport()[pri:0, instance:runner.adminRunner@2cf3d63b]" started-at="2024-01-04T22:20:30 IST" name="startReport" finished-at="2024-01-04T22:20:30 IST" duration-ms="126" status="PASS">
          <reporter-output>
          </reporter-output>
        </test-method> <!-- startReport -->
        <test-method is-config="true" signature="setData()[pri:0, instance:runner.adminRunner@2cf3d63b]" started-at="2024-01-04T22:20:30 IST" name="setData" finished-at="2024-01-04T22:20:30 IST" duration-ms="0" status="PASS">
          <reporter-output>
          </reporter-output>
        </test-method> <!-- setData -->
        <test-method is-config="true" signature="setUpClass(org.testng.ITestContext)[pri:0, instance:runner.adminRunner@2cf3d63b]" started-at="2024-01-04T22:20:30 IST" name="setUpClass" finished-at="2024-01-04T22:20:31 IST" duration-ms="189" status="PASS">
          <params>
            <param index="0">
              <value>
                <![CDATA[org.testng.TestRunner@6ca30b8a]]>
              </value>
            </param>
          </params>
          <reporter-output>
          </reporter-output>
        </test-method> <!-- setUpClass -->
        <test-method is-config="true" signature="testDetails()[pri:0, instance:runner.adminRunner@2cf3d63b]" started-at="2024-01-04T22:20:31 IST" name="testDetails" finished-at="2024-01-04T22:20:31 IST" duration-ms="6" status="PASS">
          <reporter-output>
          </reporter-output>
        </test-method> <!-- testDetails -->
        <test-method is-config="true" signature="preCondition()[pri:0, instance:runner.adminRunner@2cf3d63b]" started-at="2024-01-04T22:20:31 IST" name="preCondition" finished-at="2024-01-04T22:20:37 IST" duration-ms="6456" status="PASS">
          <reporter-output>
          </reporter-output>
        </test-method> <!-- preCondition -->
        <test-method signature="runScenario(io.cucumber.testng.PickleWrapper,io.cucumber.testng.FeatureWrapper)[pri:0, instance:runner.adminRunner@2cf3d63b]" started-at="2024-01-04T22:20:37 IST" name="runScenario" description="Runs Cucumber Scenarios" data-provider="scenarios" finished-at="2024-01-04T22:20:41 IST" duration-ms="3537" status="PASS">
          <params>
            <param index="0">
              <value>
                <![CDATA["Verify the header-Admin/UserManagement"]]>
              </value>
            </param>
            <param index="1">
              <value>
                <![CDATA["Admin page of the Orange HRMS"]]>
              </value>
            </param>
          </params>
          <reporter-output>
          </reporter-output>
        </test-method> <!-- runScenario -->
        <test-method is-config="true" signature="postCondition()[pri:0, instance:runner.adminRunner@2cf3d63b]" started-at="2024-01-04T22:20:41 IST" name="postCondition" finished-at="2024-01-04T22:20:41 IST" duration-ms="146" status="PASS">
          <reporter-output>
          </reporter-output>
        </test-method> <!-- postCondition -->
        <test-method is-config="true" signature="tearDownClass()[pri:0, instance:runner.adminRunner@2cf3d63b]" started-at="2024-01-04T22:20:41 IST" name="tearDownClass" finished-at="2024-01-04T22:20:41 IST" duration-ms="13" status="PASS">
          <reporter-output>
          </reporter-output>
        </test-method> <!-- tearDownClass -->
        <test-method is-config="true" signature="stopReport()[pri:0, instance:runner.adminRunner@2cf3d63b]" started-at="2024-01-04T22:20:41 IST" name="stopReport" finished-at="2024-01-04T22:20:41 IST" duration-ms="238" status="PASS">
          <reporter-output>
          </reporter-output>
        </test-method> <!-- stopReport -->
      </class> <!-- runner.adminRunner -->
    </test> <!-- Default test -->
  </suite> <!-- Default suite -->
</testng-results>
