<?xml version="1.0" encoding="UTF-8"?>
<!-- Generated by org.testng.reporters.JUnitReportReporter -->
<testsuite hostname="DESKTOP-UAPOR8K" failures="1" tests="1" name="runner.LoginRunner" time="7.724" errors="0" timestamp="2024-01-04T23:13:51 IST" skipped="0">
  <testcase classname="runner.LoginRunner" name="runScenario" time="7.724">
    <failure message="The following asserts failed:
	expected [Reset Passwords] but found [Reset Password]" type="java.lang.AssertionError">
      <![CDATA[java.lang.AssertionError: The following asserts failed:
expected [Reset Passwords] but found [Reset Password]
at org.testng.asserts.SoftAssert.assertAll(SoftAssert.java:47)
at org.testng.asserts.SoftAssert.assertAll(SoftAssert.java:31)
at steps.login.resetPasswordPage(login.java:132)
at ✽.Verify the Reset Password Page is displayed(file:///C:/Automation/Automation_OrangeHRMS/src/test/java/Features/login.feature:25)
]]>
    </failure>
  </testcase> <!-- runScenario -->
  <system-out/>
</testsuite> <!-- runner.LoginRunner -->
